<?xml version="1.0" encoding="UTF-8"?>
<testng-results ignored="0" total="3" passed="3" failed="0" skipped="0">
  <reporter-output>
  </reporter-output>
  <suite started-at="2023-08-31T10:17:04 CEST" name="mysuite" finished-at="2023-08-31T10:17:19 CEST" duration-ms="15454">
    <groups>
    </groups>
    <test started-at="2023-08-31T10:17:04 CEST" name="mytest" finished-at="2023-08-31T10:17:19 CEST" duration-ms="15454">
      <class name="day44SeleniumDay25.OrangeHrmTest">
        <test-method is-config="true" signature="setup()[pri:0, instance:day44SeleniumDay25.OrangeHrmTest@298a5e20]" started-at="2023-08-31T10:17:04 CEST" name="setup" finished-at="2023-08-31T10:17:16 CEST" duration-ms="11648" status="PASS">
          <reporter-output>
          </reporter-output>
        </test-method> <!-- setup -->
        <test-method signature="testLogo()[pri:1, instance:day44SeleniumDay25.OrangeHrmTest@298a5e20]" started-at="2023-08-31T10:17:16 CEST" name="testLogo" finished-at="2023-08-31T10:17:19 CEST" duration-ms="3241" status="PASS">
          <reporter-output>
          </reporter-output>
        </test-method> <!-- testLogo -->
        <test-method signature="testAppURL()[pri:2, instance:day44SeleniumDay25.OrangeHrmTest@298a5e20]" started-at="2023-08-31T10:17:19 CEST" name="testAppURL" finished-at="2023-08-31T10:17:19 CEST" duration-ms="12" status="PASS">
          <reporter-output>
          </reporter-output>
        </test-method> <!-- testAppURL -->
        <test-method signature="testHomePageTitle()[pri:3, instance:day44SeleniumDay25.OrangeHrmTest@298a5e20]" started-at="2023-08-31T10:17:19 CEST" name="testHomePageTitle" finished-at="2023-08-31T10:17:19 CEST" depends-on-methods="day44SeleniumDay25.OrangeHrmTest.testAppURL" duration-ms="7" status="PASS">
          <reporter-output>
          </reporter-output>
        </test-method> <!-- testHomePageTitle -->
        <test-method is-config="true" signature="tearDown()[pri:0, instance:day44SeleniumDay25.OrangeHrmTest@298a5e20]" started-at="2023-08-31T10:17:19 CEST" name="tearDown" finished-at="2023-08-31T10:17:19 CEST" duration-ms="117" status="PASS">
          <reporter-output>
          </reporter-output>
        </test-method> <!-- tearDown -->
      </class> <!-- day44SeleniumDay25.OrangeHrmTest -->
    </test> <!-- mytest -->
  </suite> <!-- mysuite -->
</testng-results>
