<?xml version="1.0" encoding="UTF-8"?>
<!-- Generated by org.testng.reporters.JUnitXMLReporter -->
<testsuite ignored="0" hostname="ramZs-Air.fritz.box" failures="0" tests="3" name="Default test" time="16.208" errors="0" timestamp="2023-08-31T10:07:37 CEST">
  <testcase classname="day44SeleniumDay25.OrangeHrmTest" name="testLogo" time="3.279"/>
  <testcase classname="day44SeleniumDay25.OrangeHrmTest" name="testAppURL" time="0.01"/>
  <testcase classname="day44SeleniumDay25.OrangeHrmTest" name="testHomePageTitle" time="0.006"/>
</testsuite> <!-- Default test -->
