<?xml version="1.0" encoding="UTF-8"?>
<!-- Generated by org.testng.reporters.JUnitXMLReporter -->
<testsuite ignored="4" hostname="ramZs-MacBook-Air.local" failures="0" tests="5" name="Test" time="0.118" errors="0" timestamp="2023-08-16T14:09:20 CEST">
  <testcase classname="day42SeleniumDay23.grouping.LoginTestDemo$SignUpTests" name="signupBytwitter" time="0.009"/>
  <testcase classname="day42SeleniumDay23.grouping.PaymentsTestsDemo" name="paymentReturnbyBank" time="0.001"/>
  <testcase classname="day42SeleniumDay23.grouping.SignUpTestsDemo" name="signupBytwitter" time="0.002"/>
  <testcase classname="day42SeleniumDay23.grouping.SignUpTestsDemo" name="signupbyfacebook" time="0.003"/>
  <testcase classname="day42SeleniumDay23.grouping.LoginTestDemo$SignUpTests" name="signupbyfacebook" time="0.003"/>
  <testcase classname="day42SeleniumDay23.grouping.LoginTestDemo$SignUpTests" name="signupbyemail" time="0.0">
    <ignored/>
  </testcase> <!-- signupbyemail -->
  <testcase classname="day42SeleniumDay23.grouping.SignUpTestsDemo" name="signupbyemail" time="0.0">
    <ignored/>
  </testcase> <!-- signupbyemail -->
  <testcase classname="day42SeleniumDay23.grouping.PaymentsTestsDemo" name="paymentinrupees" time="0.0">
    <ignored/>
  </testcase> <!-- paymentinrupees -->
  <testcase classname="day42SeleniumDay23.grouping.PaymentsTestsDemo" name="paymentindollar" time="0.0">
    <ignored/>
  </testcase> <!-- paymentindollar -->
</testsuite> <!-- Test -->
