<?xml version="1.0" encoding="UTF-8"?>
<!-- Generated by org.testng.reporters.JUnitXMLReporter -->
<testsuite ignored="0" hostname="ramZs-MacBook-Air.local" failures="0" tests="3" name="Myest" time="14.235" errors="0" timestamp="2023-08-21T04:46:11 CEST">
  <testcase classname="day43SeleniumDay24.ParallelTestDemo" name="testLogo" time="3.592"/>
  <testcase classname="day43SeleniumDay24.ParallelTestDemo" name="testHomePageTitle" time="0.01"/>
  <testcase classname="day43SeleniumDay24.ParallelTestDemo" name="TestAppURL" time="0.008"/>
</testsuite> <!-- Myest -->
