<?xml version="1.0" encoding="UTF-8"?>
<!-- Generated by org.testng.reporters.JUnitXMLReporter -->
<testsuite ignored="0" hostname="ramZs-Air.fritz.box" failures="0" tests="3" name="mytest" time="15.454" errors="0" timestamp="2023-08-31T10:17:20 CEST">
  <testcase classname="day44SeleniumDay25.OrangeHrmTest" name="testLogo" time="3.241"/>
  <testcase classname="day44SeleniumDay25.OrangeHrmTest" name="testAppURL" time="0.012"/>
  <testcase classname="day44SeleniumDay25.OrangeHrmTest" name="testHomePageTitle" time="0.007"/>
</testsuite> <!-- mytest -->
